<?xml version="1.0" encoding="UTF-8"?>
<testsuite xmlns:xsi="http://www.w3.org/2001/XMLSchema-instance" xsi:schemaLocation="https://maven.apache.org/surefire/maven-surefire-plugin/xsd/surefire-test-report.xsd" name="org.transitclock.custom.aws.ApcSqsClientModuleIntegrationTest" time="0.1" tests="1" errors="0" skipped="0" failures="0">
  <properties>
[...]
</properties>
  <testcase name="testConnect" classname="org.transitclock.custom.aws.ApcSqsClientModuleIntegrationTest" time="0"/>
</testsuite>